timestamp: 2013-03-23T22:38:46.306360
CREATE TABLE auth_user(
    id INTEGER PRIMARY KEY AUTOINCREMENT,
    first_name CHAR(128),
    last_name CHAR(128),
    email CHAR(512),
    password CHAR(512),
    registration_key CHAR(512),
    reset_password_key CHAR(512),
    registration_id CHAR(512)
);
success!
timestamp: 2013-03-23T22:38:46.474682
CREATE TABLE auth_group(
    id INTEGER PRIMARY KEY AUTOINCREMENT,
    role CHAR(512),
    description TEXT
);
success!
timestamp: 2013-03-23T22:38:46.621629
CREATE TABLE auth_membership(
    id INTEGER PRIMARY KEY AUTOINCREMENT,
    user_id INTEGER REFERENCES auth_user (id) ON DELETE CASCADE,
    group_id INTEGER REFERENCES auth_group (id) ON DELETE CASCADE
);
success!
timestamp: 2013-03-23T22:38:46.745922
CREATE TABLE auth_permission(
    id INTEGER PRIMARY KEY AUTOINCREMENT,
    group_id INTEGER REFERENCES auth_group (id) ON DELETE CASCADE,
    name CHAR(512),
    table_name CHAR(512),
    record_id INTEGER
);
success!
timestamp: 2013-03-23T22:38:46.896432
CREATE TABLE auth_event(
    id INTEGER PRIMARY KEY AUTOINCREMENT,
    time_stamp TIMESTAMP,
    client_ip CHAR(512),
    user_id INTEGER REFERENCES auth_user (id) ON DELETE CASCADE,
    origin CHAR(512),
    description TEXT
);
success!
timestamp: 2013-03-23T22:38:47.042187
CREATE TABLE auth_cas(
    id INTEGER PRIMARY KEY AUTOINCREMENT,
    user_id INTEGER REFERENCES auth_user (id) ON DELETE CASCADE,
    created_on TIMESTAMP,
    service CHAR(512),
    ticket CHAR(512),
    renew CHAR(1)
);
success!
timestamp: 2013-03-23T22:38:47.191660
CREATE TABLE person(
    id INTEGER PRIMARY KEY AUTOINCREMENT,
    name CHAR(512)
);
success!
timestamp: 2013-03-23T22:57:27.647731
CREATE TABLE person(
    id INTEGER PRIMARY KEY AUTOINCREMENT,
    name CHAR(512)
);
success!
timestamp: 2013-03-23T23:38:55.981321
CREATE TABLE AllResidents(
    id INTEGER PRIMARY KEY AUTOINCREMENT,
    new5 INTEGER NOT NULL,
    newfield INTEGER NOT NULL
);
success!
timestamp: 2013-03-24T00:46:06.186707
CREATE TABLE allResidents(
    id INTEGER PRIMARY KEY AUTOINCREMENT,
    uid INTEGER NOT NULL,
    name CHAR(255) NOT NULL,
    gender CHAR(512) NOT NULL,
    type CHAR(512) NOT NULL,
    emergencyPh CHAR(15) NOT NULL,
    photo BLOB NOT NULL,
    dob DATE NOT NULL,
    fbLink CHAR(255),
    personalPh CHAR(15),
    privilegeNum CHAR(1) NOT NULL,
    interestedIn TEXT NOT NULL,
    bloodGroup CHAR(512) NOT NULL UNIQUE
);
timestamp: 2013-03-24T00:47:16.154355
CREATE TABLE allResidents(
    id INTEGER PRIMARY KEY AUTOINCREMENT,
    uid INTEGER NOT NULL,
    name CHAR(255) NOT NULL,
    gender CHAR(512) NOT NULL,
    type CHAR(512) NOT NULL,
    emergencyPh CHAR(15) NOT NULL,
    photo BLOB NOT NULL,
    dob DATE NOT NULL,
    fbLink CHAR(255),
    personalPh CHAR(15),
    privilegeNum CHAR(1) NOT NULL,
    interestedIn TEXT NOT NULL,
    bloodGroup CHAR(512) NOT NULL UNIQUE
);
timestamp: 2013-03-24T00:47:31.824338
CREATE TABLE allResidents(
    id INTEGER PRIMARY KEY AUTOINCREMENT,
    uid INTEGER NOT NULL,
    name CHAR(255) NOT NULL,
    gender CHAR(512) NOT NULL,
    type CHAR(512) NOT NULL,
    emergencyPh CHAR(15) NOT NULL,
    photo BLOB NOT NULL,
    dob DATE NOT NULL,
    fbLink CHAR(255),
    personalPh CHAR(15),
    privilegeNum CHAR(1) NOT NULL,
    interestedIn TEXT NOT NULL,
    bloodGroup CHAR(512) NOT NULL UNIQUE
);
timestamp: 2013-03-24T00:51:55.676554
CREATE TABLE allResidents(
    id INTEGER PRIMARY KEY AUTOINCREMENT,
    uid INTEGER NOT NULL,
    name CHAR(255) NOT NULL,
    gender CHAR(512) NOT NULL,
    type CHAR(512) NOT NULL,
    emergencyPh CHAR(15) NOT NULL,
    photo BLOB NOT NULL,
    dob DATE NOT NULL,
    fbLink CHAR(255),
    personalPh CHAR(15),
    privilegeNum CHAR(1) NOT NULL,
    interestedIn TEXT NOT NULL,
    bloodGroup CHAR(512) NOT NULL UNIQUE
);
timestamp: 2013-03-24T00:53:01.517870
CREATE TABLE allResidents(
    id INTEGER PRIMARY KEY AUTOINCREMENT,
    uid INTEGER NOT NULL,
    name CHAR(255) NOT NULL,
    gender CHAR(512) NOT NULL,
    type CHAR(512) NOT NULL,
    emergencyPh CHAR(15) NOT NULL,
    photo BLOB NOT NULL,
    dob DATE NOT NULL,
    fbLink CHAR(255),
    personalPh CHAR(15),
    privilegeNum CHAR(1) NOT NULL,
    interestedIn TEXT NOT NULL,
    bloodGroup CHAR(512) NOT NULL UNIQUE
);
timestamp: 2013-03-27T20:28:17.692000
ALTER TABLE auth_user ADD city CHAR(128);
timestamp: 2013-03-27T20:28:17.824000
ALTER TABLE auth_user ADD postcode CHAR(128);
timestamp: 2013-03-27T20:28:17.919000
ALTER TABLE auth_user ADD address CHAR(256);
timestamp: 2013-03-27T20:30:38.823000
ALTER TABLE auth_user ADD name CHAR(128);
timestamp: 2013-03-27T20:30:38.902000
ALTER TABLE auth_user ADD uid23 CHAR(128) UNIQUE;
timestamp: 2013-03-27T20:31:56.163000
ALTER TABLE auth_user ADD uid23 CHAR(128);
timestamp: 2013-03-27T20:33:52.591000
ALTER TABLE auth_user ADD uniqueid CHAR(128);
timestamp: 2013-03-27T20:38:23.267000
ALTER TABLE auth_user ADD yourid CHAR(128);
timestamp: 2013-03-27T20:38:39.021000
ALTER TABLE auth_user ADD yuid CHAR(128);
timestamp: 2013-03-27T20:39:01.591000
ALTER TABLE auth_user ADD mid CHAR(128);
timestamp: 2013-03-27T20:39:25.136000
ALTER TABLE auth_user ADD userid CHAR(128);
timestamp: 2013-03-27T21:16:28.493000
ALTER TABLE auth_user ADD username CHAR(128) UNIQUE;
timestamp: 2013-03-27T21:17:16.192000
ALTER TABLE auth_user ADD username CHAR(128) UNIQUE;
timestamp: 2013-03-27T21:18:42.066000
ALTER TABLE auth_user ADD username CHAR(128);
